<?xml version="1.0" encoding="UTF-8"?>
<!-- Generated by org.testng.reporters.JUnitXMLReporter -->
<testsuite ignored="0" hostname="MSI" failures="0" tests="1" name="TestOnFirefox" time="0.045" errors="0" timestamp="2022-06-15T15:25:59 SGT">
  <testcase classname="Demo.TestNGMultiBrowserDemo" name="@BeforeTest setup" time="-1.655277959394E9">
    <failure type="org.testng.TestNGException" message="
Parameter &amp;apos;browsername&amp;apos; is required by BeforeTest on method setup but has not been marked @Optional or defined
in C:\Users\NinaFillone\eclipse-workspace\SeleniumJavaFramework\testng4.xml">
      <![CDATA[org.testng.TestNGException: 
Parameter 'browsername' is required by BeforeTest on method setup but has not been marked @Optional or defined
in C:\Users\NinaFillone\eclipse-workspace\SeleniumJavaFramework\testng4.xml
at java.base/java.util.concurrent.FutureTask.run(FutureTask.java:264)
at java.base/java.util.concurrent.ThreadPoolExecutor.runWorker(ThreadPoolExecutor.java:1136)
at java.base/java.util.concurrent.ThreadPoolExecutor$Worker.run(ThreadPoolExecutor.java:635)
at java.base/java.lang.Thread.run(Thread.java:833)
... Removed 11 stack frames]]>
    </failure>
  </testcase> <!-- @BeforeTest setup -->
  <testcase classname="Demo.TestNGMultiBrowserDemo" name="@AfterTest teardown" time="0.0">
    <skipped/>
  </testcase> <!-- @AfterTest teardown -->
  <testcase classname="Demo.TestNGMultiBrowserDemo" name="test1" time="0.0">
    <skipped/>
  </testcase> <!-- test1 -->
</testsuite> <!-- TestOnFirefox -->
